<?xml version="1.0" encoding="UTF-8"?>
<!-- Generated by org.testng.reporters.JUnitReportReporter -->
<testsuite hostname="VDDK35X-5KH86ZT" failures="0" tests="6" name="BDD.Testcases" time="4.943" errors="0" timestamp="2021-12-28T02:09:13 PST" skipped="0">
  <testcase classname="BDD.Testcases" name="gettest" time="1.284"/>
  <system-out/>
  <testcase classname="BDD.Testcases" name="puttest" time="0.430"/>
  <system-out/>
  <testcase classname="BDD.Testcases" name="DeletTest" time="2.026"/>
  <system-out/>
  <testcase classname="BDD.Testcases" name="posttest1" time="0.365"/>
  <system-out/>
  <testcase classname="BDD.Testcases" name="posttest" time="0.410"/>
  <system-out/>
  <testcase classname="BDD.Testcases" name="puttest1" time="0.428"/>
  <system-out/>
</testsuite> <!-- BDD.Testcases -->
