<?xml version="1.0" encoding="UTF-8"?>
<!-- Generated by org.testng.reporters.JUnitReportReporter -->
<testsuite hostname="VDDK35X-5KH86ZT" failures="0" tests="3" name="Testcases" time="3.869" errors="0" timestamp="2021-12-27T01:32:16 PST" skipped="0">
  <testcase classname="Testcases" name="testscode2" time="0.118"/>
  <system-out/>
  <testcase classname="Testcases" name="testscode3" time="1.153"/>
  <system-out/>
  <testcase classname="Testcases" name="testscode" time="2.598"/>
  <system-out/>
</testsuite> <!-- Testcases -->
